

================================================================
== Vivado HLS Report for 'HMM_Scoring'
================================================================
* Date:           Sun Dec  8 16:05:20 2019

* Version:        2019.1 (Build 2552052 on Fri May 24 15:28:33 MDT 2019)
* Project:        HMM_scoring
* Solution:       solution1
* Product family: zynq
* Target device:  xc7z020-clg400-1


================================================================
== Performance Estimates
================================================================
+ Timing (ns): 
    * Summary: 
    +--------+-------+----------+------------+
    |  Clock | Target| Estimated| Uncertainty|
    +--------+-------+----------+------------+
    |ap_clk  |  10.00|     8.750|        1.25|
    +--------+-------+----------+------------+

+ Latency (clock cycles): 
    * Summary: 
    +--------+---------+--------+---------+---------+
    |      Latency     |     Interval     | Pipeline|
    |   min  |   max   |   min  |   max   |   Type  |
    +--------+---------+--------+---------+---------+
    |  562802|  1282802|  562802|  1282802|   none  |
    +--------+---------+--------+---------+---------+

    + Detail: 
        * Instance: 
        N/A

        * Loop: 
        +-----------------------+--------+---------+-------------+-----------+-----------+------+----------+
        |                       |      Latency     |  Iteration  |  Initiation Interval  | Trip |          |
        |       Loop Name       |   min  |   max   |   Latency   |  achieved |   target  | Count| Pipelined|
        +-----------------------+--------+---------+-------------+-----------+-----------+------+----------+
        |- memset_grading_arr   |   40199|    40199|          201|          -|          -|   200|    no    |
        | + memset_grading_arr  |     199|      199|            1|          -|          -|   200|    no    |
        |- Loop 2               |  442200|  1162200| 2211 ~ 5811 |          -|          -|   200|    no    |
        | + Loop 2.1            |    2200|     5800|   11 ~ 29   |          -|          -|   200|    no    |
        |  ++ Loop 2.1.1        |       7|        7|            3|          -|          -|     2|    no    |
        |  ++ Loop 2.1.2        |       7|        7|            3|          -|          -|     2|    no    |
        |- Loop 3               |   80400|    80400|          402|          -|          -|   200|    no    |
        | + Loop 3.1            |     400|      400|            2|          -|          -|   200|    no    |
        +-----------------------+--------+---------+-------------+-----------+-----------+------+----------+



================================================================
== Utilization Estimates
================================================================
* Summary: 
+-----------------+---------+-------+--------+-------+-----+
|       Name      | BRAM_18K| DSP48E|   FF   |  LUT  | URAM|
+-----------------+---------+-------+--------+-------+-----+
|DSP              |        -|      -|       -|      -|    -|
|Expression       |        -|      0|       0|   1349|    -|
|FIFO             |        -|      -|       -|      -|    -|
|Instance         |        2|      -|     960|   1324|    -|
|Memory           |      132|      -|       0|      0|    0|
|Multiplexer      |        -|      -|       -|    599|    -|
|Register         |        -|      -|    1204|      -|    -|
+-----------------+---------+-------+--------+-------+-----+
|Total            |      134|      0|    2164|   3272|    0|
+-----------------+---------+-------+--------+-------+-----+
|Available        |      280|    220|  106400|  53200|    0|
+-----------------+---------+-------+--------+-------+-----+
|Utilization (%)  |       47|      0|       2|      6|    0|
+-----------------+---------+-------+--------+-------+-----+

+ Detail: 
    * Instance: 
    +------------------------------+----------------------------+---------+-------+-----+-----+-----+
    |           Instance           |           Module           | BRAM_18K| DSP48E|  FF | LUT | URAM|
    +------------------------------+----------------------------+---------+-------+-----+-----+-----+
    |HMM_Scoring_AXILiteS_s_axi_U  |HMM_Scoring_AXILiteS_s_axi  |        0|      0|  448|  744|    0|
    |HMM_Scoring_gmem_m_axi_U      |HMM_Scoring_gmem_m_axi      |        2|      0|  512|  580|    0|
    +------------------------------+----------------------------+---------+-------+-----+-----+-----+
    |Total                         |                            |        2|      0|  960| 1324|    0|
    +------------------------------+----------------------------+---------+-------+-----+-----+-----+

    * DSP48E: 
    N/A

    * Memory: 
    +---------------+----------------------+---------+---+----+-----+-------+-----+------+-------------+
    |     Memory    |        Module        | BRAM_18K| FF| LUT| URAM| Words | Bits| Banks| W*Bits*Banks|
    +---------------+----------------------+---------+---+----+-----+-------+-----+------+-------------+
    |grading_arr_U  |HMM_Scoring_gradidEe  |      128|  0|   0|    0|  40000|   32|     1|      1280000|
    |max_array_1_U  |HMM_Scoring_max_abkb  |        2|  0|   0|    0|      3|   32|     1|           96|
    |max_array_U    |HMM_Scoring_max_abkb  |        2|  0|   0|    0|      3|   32|     1|           96|
    +---------------+----------------------+---------+---+----+-----+-------+-----+------+-------------+
    |Total          |                      |      132|  0|   0|    0|  40006|   96|     3|      1280192|
    +---------------+----------------------+---------+---+----+-----+-------+-----+------+-------------+

    * FIFO: 
    N/A

    * Expression: 
    +------------------------------+----------+-------+---+----+------------+------------+
    |         Variable Name        | Operation| DSP48E| FF| LUT| Bitwidth P0| Bitwidth P1|
    +------------------------------+----------+-------+---+----+------------+------------+
    |mul_ln79_fu_761_p2            |     *    |      0|  0|  51|           9|           8|
    |add_ln11_fu_1023_p2           |     +    |      0|  0|  15|           7|           5|
    |add_ln124_fu_873_p2           |     +    |      0|  0|  38|          31|          31|
    |add_ln126_fu_862_p2           |     +    |      0|  0|  24|          17|          17|
    |add_ln127_fu_867_p2           |     +    |      0|  0|  23|          16|          16|
    |add_ln128_fu_826_p2           |     +    |      0|  0|  24|          17|          17|
    |add_ln202_fu_1138_p2          |     +    |      0|  0|  23|          16|           8|
    |add_ln206_fu_1172_p2          |     +    |      0|  0|  23|          16|          16|
    |add_ln56_1_fu_647_p2          |     +    |      0|  0|  15|           8|           1|
    |add_ln56_2_fu_657_p2          |     +    |      0|  0|  23|          16|          16|
    |add_ln56_3_fu_635_p2          |     +    |      0|  0|  23|          16|           8|
    |add_ln56_fu_641_p2            |     +    |      0|  0|  15|           8|           1|
    |add_ln6047_1_fu_989_p2        |     +    |      0|  0|  10|           2|           1|
    |add_ln6047_fu_1073_p2         |     +    |      0|  0|  10|           2|           1|
    |add_ln63_fu_680_p2            |     +    |      0|  0|  23|          16|           8|
    |add_ln67_1_fu_792_p2          |     +    |      0|  0|  38|          31|          31|
    |add_ln67_fu_706_p2            |     +    |      0|  0|  38|          31|          31|
    |add_ln70_fu_815_p2            |     +    |      0|  0|  23|          16|          16|
    |add_ln73_fu_726_p2            |     +    |      0|  0|  15|           9|           2|
    |add_ln78_1_fu_891_p2          |     +    |      0|  0|  38|          31|          31|
    |add_ln78_2_fu_1132_p2         |     +    |      0|  0|  39|          32|          32|
    |add_ln78_fu_743_p2            |     +    |      0|  0|  39|          32|          32|
    |add_ln79_fu_886_p2            |     +    |      0|  0|  24|          17|          17|
    |col_fu_782_p2                 |     +    |      0|  0|  15|           8|           1|
    |grp_fu_587_p2                 |     +    |      0|  0|  15|           9|           2|
    |i_fu_1150_p2                  |     +    |      0|  0|  15|           8|           1|
    |j_fu_1162_p2                  |     +    |      0|  0|  15|           8|           1|
    |row_fu_696_p2                 |     +    |      0|  0|  15|           8|           1|
    |diagonal_grade_1_fu_918_p2    |     -    |      0|  0|  39|          32|          32|
    |diagonal_grade_fu_924_p2      |     -    |      0|  0|  39|          32|          32|
    |horizontal_grade_1_fu_930_p2  |     -    |      0|  0|  39|          32|          32|
    |horizontal_grade_fu_995_p2    |     -    |      0|  0|  39|          32|          32|
    |max_array_1_d1                |     -    |      0|  0|  39|          32|          32|
    |max_array_d1                  |     -    |      0|  0|  39|          32|          32|
    |icmp_ln115_fu_840_p2          |   icmp   |      0|  0|  18|          32|           1|
    |icmp_ln11_1_fu_1017_p2        |   icmp   |      0|  0|  11|           6|           4|
    |icmp_ln11_2_fu_946_p2         |   icmp   |      0|  0|  11|           5|           2|
    |icmp_ln11_fu_1011_p2          |   icmp   |      0|  0|  11|           6|           4|
    |icmp_ln124_fu_914_p2          |   icmp   |      0|  0|  18|          32|          32|
    |icmp_ln202_fu_1144_p2         |   icmp   |      0|  0|  11|           8|           7|
    |icmp_ln204_fu_1156_p2         |   icmp   |      0|  0|  11|           8|           7|
    |icmp_ln206_fu_1183_p2         |   icmp   |      0|  0|  18|          32|          32|
    |icmp_ln56_1_fu_674_p2         |   icmp   |      0|  0|  11|           8|           7|
    |icmp_ln56_fu_668_p2           |   icmp   |      0|  0|  11|           8|           7|
    |icmp_ln6045_1_fu_966_p2       |   icmp   |      0|  0|   8|           2|           2|
    |icmp_ln6045_fu_1067_p2        |   icmp   |      0|  0|   8|           2|           2|
    |icmp_ln6046_1_fu_972_p2       |   icmp   |      0|  0|  18|          32|          32|
    |icmp_ln6046_fu_1079_p2        |   icmp   |      0|  0|  18|          32|          32|
    |icmp_ln63_fu_690_p2           |   icmp   |      0|  0|  11|           8|           7|
    |icmp_ln65_fu_776_p2           |   icmp   |      0|  0|  11|           8|           7|
    |icmp_ln67_fu_836_p2           |   icmp   |      0|  0|  18|          32|          32|
    |icmp_ln69_fu_767_p2           |   icmp   |      0|  0|  18|          32|           1|
    |icmp_ln78_fu_1122_p2          |   icmp   |      0|  0|  18|          32|          32|
    |or_ln115_fu_845_p2            |    or    |      0|  0|   2|           1|           1|
    |select_ln11_1_fu_1037_p3      |  select  |      0|  0|   7|           1|           7|
    |select_ln11_2_fu_952_p3       |  select  |      0|  0|  64|           1|           2|
    |select_ln11_fu_1029_p3        |  select  |      0|  0|   7|           1|           7|
    |select_ln139_fu_1099_p3       |  select  |      0|  0|  32|           1|           1|
    |select_ln206_fu_1189_p3       |  select  |      0|  0|  32|           1|          32|
    |select_ln6046_1_fu_981_p3     |  select  |      0|  0|   5|           1|           5|
    |select_ln6046_fu_1084_p3      |  select  |      0|  0|   6|           1|           6|
    |select_ln78_fu_1126_p3        |  select  |      0|  0|  32|           1|          32|
    +------------------------------+----------+-------+---+----+------------+------------+
    |Total                         |          |      0|  0|1349|         963|         887|
    +------------------------------+----------+-------+---+----+------------+------------+

    * Multiplexer: 
    +---------------------------------------+-----+-----------+-----+-----------+
    |                  Name                 | LUT | Input Size| Bits| Total Bits|
    +---------------------------------------+-----+-----------+-----+-----------+
    |ap_NS_fsm                              |  233|         54|    1|         54|
    |ap_phi_mux_storemerge7_phi_fu_535_p12  |    9|          2|   32|         64|
    |col_0_reg_463                          |    9|          2|    8|         16|
    |gmem_ARADDR                            |   33|          6|   32|        192|
    |gmem_blk_n_AR                          |    9|          2|    1|          2|
    |gmem_blk_n_R                           |    9|          2|    1|          2|
    |grading_arr_address0                   |   27|          5|   16|         80|
    |grading_arr_address1                   |   21|          4|   16|         64|
    |i_0_reg_553                            |    9|          2|    8|         16|
    |j_0_reg_576                            |    9|          2|    8|         16|
    |max_array_1_address0                   |   21|          4|    2|          8|
    |max_array_1_address1                   |   15|          3|    2|          6|
    |max_array_1_d0                         |   15|          3|   32|         96|
    |max_array_address0                     |   21|          4|    2|          8|
    |max_array_address1                     |   15|          3|    2|          6|
    |max_array_d0                           |   15|          3|   32|         96|
    |mem_index_phi23_reg_475                |    9|          2|    5|         10|
    |mem_index_phi_reg_499                  |    9|          2|    6|         12|
    |phi_ln56_1_reg_429                     |    9|          2|    8|         16|
    |phi_ln56_reg_405                       |    9|          2|    8|         16|
    |phi_ln6045_1_reg_487                   |    9|          2|    2|          4|
    |phi_ln6045_reg_511                     |    9|          2|    2|          4|
    |phi_mul11_reg_451                      |    9|          2|   16|         32|
    |phi_mul13_reg_564                      |    9|          2|   16|         32|
    |phi_mul_reg_417                        |    9|          2|   16|         32|
    |row_0_reg_440                          |    9|          2|    8|         16|
    |score_results_fu_136                   |    9|          2|   32|         64|
    |storemerge7_reg_531                    |   21|          4|   32|        128|
    |storemerge_reg_522                     |    9|          2|   32|         64|
    +---------------------------------------+-----+-----------+-----+-----------+
    |Total                                  |  599|        129|  378|       1156|
    +---------------------------------------+-----+-----------+-----+-----------+

    * Register: 
    +-----------------------------+----+----+-----+-----------+
    |             Name            | FF | LUT| Bits| Const Bits|
    +-----------------------------+----+----+-----+-----------+
    |MD_read_reg_1232             |  32|   0|   32|          0|
    |MI_read_reg_1227             |  32|   0|   32|          0|
    |MM_read_reg_1237             |  32|   0|   32|          0|
    |MMis_read_reg_1222           |  32|   0|   32|          0|
    |MisD_read_reg_1212           |  32|   0|   32|          0|
    |MisI_read_reg_1217           |  32|   0|   32|          0|
    |MisM_read_reg_1202           |  32|   0|   32|          0|
    |MisMis_read_reg_1207         |  32|   0|   32|          0|
    |add_ln124_reg_1453           |  31|   0|   31|          0|
    |add_ln126_reg_1443           |  17|   0|   17|          0|
    |add_ln127_reg_1448           |  16|   0|   16|          0|
    |add_ln202_reg_1579           |  16|   0|   16|          0|
    |add_ln56_3_reg_1260          |  16|   0|   16|          0|
    |add_ln56_reg_1265            |   8|   0|    8|          0|
    |add_ln6047_reg_1548          |   2|   0|    2|          0|
    |add_ln63_reg_1311            |  16|   0|   16|          0|
    |add_ln67_1_reg_1404          |  31|   0|   31|          0|
    |add_ln67_reg_1329            |  31|   0|   31|          0|
    |add_ln73_reg_1347            |   9|   0|    9|          0|
    |add_ln78_1_reg_1466          |  31|   0|   31|          0|
    |add_ln78_reg_1356            |  32|   0|   32|          0|
    |add_ln79_reg_1461            |  17|   0|   17|          0|
    |ap_CS_fsm                    |  53|   0|   53|          0|
    |col_0_reg_463                |   8|   0|    8|          0|
    |col_reg_1399                 |   8|   0|    8|          0|
    |gmem_addr_1_read_reg_1385    |  32|   0|   32|          0|
    |gmem_addr_2_read_reg_1415    |  32|   0|   32|          0|
    |gmem_addr_3_read_reg_1569    |  32|   0|   32|          0|
    |gmem_addr_4_read_reg_1482    |  32|   0|   32|          0|
    |gmem_addr_read_reg_1367      |  32|   0|   32|          0|
    |grading_arr_addr_2_reg_1421  |  16|   0|   16|          0|
    |grading_arr_addr_3_reg_1426  |  16|   0|   16|          0|
    |i_0_reg_553                  |   8|   0|    8|          0|
    |i_reg_1587                   |   8|   0|    8|          0|
    |icmp_ln67_reg_1431           |   1|   0|    1|          0|
    |icmp_ln69_reg_1380           |   1|   0|    1|          0|
    |j_0_reg_576                  |   8|   0|    8|          0|
    |j_reg_1595                   |   8|   0|    8|          0|
    |mem_index_phi23_reg_475      |   5|   0|    5|          0|
    |mem_index_phi_reg_499        |   6|   0|    6|          0|
    |mul_ln79_reg_1373            |  14|   0|   17|          3|
    |or_ln115_reg_1435            |   1|   0|    1|          0|
    |p_cast21_reg_1250            |  30|   0|   32|          2|
    |p_cast22_reg_1243            |  30|   0|   31|          1|
    |p_cast_reg_1255              |  30|   0|   31|          1|
    |phi_ln56_1_reg_429           |   8|   0|    8|          0|
    |phi_ln56_reg_405             |   8|   0|    8|          0|
    |phi_ln6045_1_reg_487         |   2|   0|    2|          0|
    |phi_ln6045_reg_511           |   2|   0|    2|          0|
    |phi_mul11_reg_451            |  16|   0|   16|          0|
    |phi_mul13_reg_564            |  16|   0|   16|          0|
    |phi_mul_reg_417              |  16|   0|   16|          0|
    |result_1_reg_1508            |  32|   0|   32|          0|
    |result_reg_1542              |  32|   0|   32|          0|
    |row_0_reg_440                |   8|   0|    8|          0|
    |row_reg_1324                 |   8|   0|    8|          0|
    |score_results_fu_136         |  32|   0|   32|          0|
    |storemerge7_reg_531          |  32|   0|   32|          0|
    |storemerge_reg_522           |  32|   0|   32|          0|
    |tmp_2_reg_1352               |   1|   0|    1|          0|
    |tmp_4_reg_1439               |   1|   0|    1|          0|
    |zext_ln6045_3_reg_1529       |   2|   0|    6|          4|
    |zext_ln63_reg_1316           |   8|   0|    9|          1|
    |zext_ln65_reg_1391           |   8|   0|    9|          1|
    +-----------------------------+----+----+-----+-----------+
    |Total                        |1204|   0| 1217|         13|
    +-----------------------------+----+----+-----+-----------+



================================================================
== Interface
================================================================
* Summary: 
+------------------------+-----+-----+------------+--------------+--------------+
|        RTL Ports       | Dir | Bits|  Protocol  | Source Object|    C Type    |
+------------------------+-----+-----+------------+--------------+--------------+
|s_axi_AXILiteS_AWVALID  |  in |    1|    s_axi   |   AXILiteS   |    scalar    |
|s_axi_AXILiteS_AWREADY  | out |    1|    s_axi   |   AXILiteS   |    scalar    |
|s_axi_AXILiteS_AWADDR   |  in |    7|    s_axi   |   AXILiteS   |    scalar    |
|s_axi_AXILiteS_WVALID   |  in |    1|    s_axi   |   AXILiteS   |    scalar    |
|s_axi_AXILiteS_WREADY   | out |    1|    s_axi   |   AXILiteS   |    scalar    |
|s_axi_AXILiteS_WDATA    |  in |   32|    s_axi   |   AXILiteS   |    scalar    |
|s_axi_AXILiteS_WSTRB    |  in |    4|    s_axi   |   AXILiteS   |    scalar    |
|s_axi_AXILiteS_ARVALID  |  in |    1|    s_axi   |   AXILiteS   |    scalar    |
|s_axi_AXILiteS_ARREADY  | out |    1|    s_axi   |   AXILiteS   |    scalar    |
|s_axi_AXILiteS_ARADDR   |  in |    7|    s_axi   |   AXILiteS   |    scalar    |
|s_axi_AXILiteS_RVALID   | out |    1|    s_axi   |   AXILiteS   |    scalar    |
|s_axi_AXILiteS_RREADY   |  in |    1|    s_axi   |   AXILiteS   |    scalar    |
|s_axi_AXILiteS_RDATA    | out |   32|    s_axi   |   AXILiteS   |    scalar    |
|s_axi_AXILiteS_RRESP    | out |    2|    s_axi   |   AXILiteS   |    scalar    |
|s_axi_AXILiteS_BVALID   | out |    1|    s_axi   |   AXILiteS   |    scalar    |
|s_axi_AXILiteS_BREADY   |  in |    1|    s_axi   |   AXILiteS   |    scalar    |
|s_axi_AXILiteS_BRESP    | out |    2|    s_axi   |   AXILiteS   |    scalar    |
|ap_clk                  |  in |    1| ap_ctrl_hs |  HMM_Scoring | return value |
|ap_rst_n                |  in |    1| ap_ctrl_hs |  HMM_Scoring | return value |
|interrupt               | out |    1| ap_ctrl_hs |  HMM_Scoring | return value |
|m_axi_gmem_AWVALID      | out |    1|    m_axi   |     gmem     |    pointer   |
|m_axi_gmem_AWREADY      |  in |    1|    m_axi   |     gmem     |    pointer   |
|m_axi_gmem_AWADDR       | out |   32|    m_axi   |     gmem     |    pointer   |
|m_axi_gmem_AWID         | out |    1|    m_axi   |     gmem     |    pointer   |
|m_axi_gmem_AWLEN        | out |    8|    m_axi   |     gmem     |    pointer   |
|m_axi_gmem_AWSIZE       | out |    3|    m_axi   |     gmem     |    pointer   |
|m_axi_gmem_AWBURST      | out |    2|    m_axi   |     gmem     |    pointer   |
|m_axi_gmem_AWLOCK       | out |    2|    m_axi   |     gmem     |    pointer   |
|m_axi_gmem_AWCACHE      | out |    4|    m_axi   |     gmem     |    pointer   |
|m_axi_gmem_AWPROT       | out |    3|    m_axi   |     gmem     |    pointer   |
|m_axi_gmem_AWQOS        | out |    4|    m_axi   |     gmem     |    pointer   |
|m_axi_gmem_AWREGION     | out |    4|    m_axi   |     gmem     |    pointer   |
|m_axi_gmem_AWUSER       | out |    1|    m_axi   |     gmem     |    pointer   |
|m_axi_gmem_WVALID       | out |    1|    m_axi   |     gmem     |    pointer   |
|m_axi_gmem_WREADY       |  in |    1|    m_axi   |     gmem     |    pointer   |
|m_axi_gmem_WDATA        | out |   32|    m_axi   |     gmem     |    pointer   |
|m_axi_gmem_WSTRB        | out |    4|    m_axi   |     gmem     |    pointer   |
|m_axi_gmem_WLAST        | out |    1|    m_axi   |     gmem     |    pointer   |
|m_axi_gmem_WID          | out |    1|    m_axi   |     gmem     |    pointer   |
|m_axi_gmem_WUSER        | out |    1|    m_axi   |     gmem     |    pointer   |
|m_axi_gmem_ARVALID      | out |    1|    m_axi   |     gmem     |    pointer   |
|m_axi_gmem_ARREADY      |  in |    1|    m_axi   |     gmem     |    pointer   |
|m_axi_gmem_ARADDR       | out |   32|    m_axi   |     gmem     |    pointer   |
|m_axi_gmem_ARID         | out |    1|    m_axi   |     gmem     |    pointer   |
|m_axi_gmem_ARLEN        | out |    8|    m_axi   |     gmem     |    pointer   |
|m_axi_gmem_ARSIZE       | out |    3|    m_axi   |     gmem     |    pointer   |
|m_axi_gmem_ARBURST      | out |    2|    m_axi   |     gmem     |    pointer   |
|m_axi_gmem_ARLOCK       | out |    2|    m_axi   |     gmem     |    pointer   |
|m_axi_gmem_ARCACHE      | out |    4|    m_axi   |     gmem     |    pointer   |
|m_axi_gmem_ARPROT       | out |    3|    m_axi   |     gmem     |    pointer   |
|m_axi_gmem_ARQOS        | out |    4|    m_axi   |     gmem     |    pointer   |
|m_axi_gmem_ARREGION     | out |    4|    m_axi   |     gmem     |    pointer   |
|m_axi_gmem_ARUSER       | out |    1|    m_axi   |     gmem     |    pointer   |
|m_axi_gmem_RVALID       |  in |    1|    m_axi   |     gmem     |    pointer   |
|m_axi_gmem_RREADY       | out |    1|    m_axi   |     gmem     |    pointer   |
|m_axi_gmem_RDATA        |  in |   32|    m_axi   |     gmem     |    pointer   |
|m_axi_gmem_RLAST        |  in |    1|    m_axi   |     gmem     |    pointer   |
|m_axi_gmem_RID          |  in |    1|    m_axi   |     gmem     |    pointer   |
|m_axi_gmem_RUSER        |  in |    1|    m_axi   |     gmem     |    pointer   |
|m_axi_gmem_RRESP        |  in |    2|    m_axi   |     gmem     |    pointer   |
|m_axi_gmem_BVALID       |  in |    1|    m_axi   |     gmem     |    pointer   |
|m_axi_gmem_BREADY       | out |    1|    m_axi   |     gmem     |    pointer   |
|m_axi_gmem_BRESP        |  in |    2|    m_axi   |     gmem     |    pointer   |
|m_axi_gmem_BID          |  in |    1|    m_axi   |     gmem     |    pointer   |
|m_axi_gmem_BUSER        |  in |    1|    m_axi   |     gmem     |    pointer   |
+------------------------+-----+-----+------------+--------------+--------------+

