Copyright 1986-2019 Xilinx, Inc. All Rights Reserved.
------------------------------------------------------------------------------------
| Tool Version : Vivado v.2019.1 (win64) Build 2552052 Fri May 24 14:49:42 MDT 2019
| Date         : Sun Dec  8 11:50:04 2019
| Host         : DESKTOP-A66E6H3 running 64-bit major release  (build 9200)
| Command      : upgrade_ip
| Device       : xc7z020clg400-1
------------------------------------------------------------------------------------

Upgrade Log for IP 'design_1_HMM_Scoring_0_3'

1. Summary
----------

CAUTION (success, with warnings) in the upgrade of design_1_HMM_Scoring_0_3 (xilinx.com:hls:HMM_Scoring:1.0) from (Rev. 1912032223) to (Rev. 1912081145)

After upgrade, an IP may have parameter and port differences compared to the original customization. Please review the parameters within the IP customization GUI to ensure proper functionality. Also, please review the updated IP instantiation template to ensure proper connectivity, and update your design if required.

2. Connection Warnings
----------------------

Detected external port differences while upgrading 'design_1_HMM_Scoring_0_3'. These changes may impact your design.


-Upgraded port 's_axi_AXILiteS_ARADDR' width 7 differs from original width 6

-Upgraded port 's_axi_AXILiteS_AWADDR' width 7 differs from original width 6







Copyright 1986-2019 Xilinx, Inc. All Rights Reserved.
------------------------------------------------------------------------------------
| Tool Version : Vivado v.2019.1 (win64) Build 2552052 Fri May 24 14:49:42 MDT 2019
| Date         : Tue Dec  3 22:23:55 2019
| Host         : DESKTOP-A66E6H3 running 64-bit major release  (build 9200)
| Command      : upgrade_ip
| Device       : xc7z020clg400-1
------------------------------------------------------------------------------------

Upgrade Log for IP 'design_1_HMM_Scoring_0_3'

1. Summary
----------

SUCCESS in the upgrade of design_1_HMM_Scoring_0_3 (xilinx.com:hls:HMM_Scoring:1.0) from (Rev. 1912032215) to (Rev. 1912032223)






Copyright 1986-2019 Xilinx, Inc. All Rights Reserved.
------------------------------------------------------------------------------------
| Tool Version : Vivado v.2019.1 (win64) Build 2552052 Fri May 24 14:49:42 MDT 2019
| Date         : Tue Dec  3 22:16:20 2019
| Host         : DESKTOP-A66E6H3 running 64-bit major release  (build 9200)
| Command      : upgrade_ip
| Device       : xc7z020clg400-1
------------------------------------------------------------------------------------

Upgrade Log for IP 'design_1_HMM_Scoring_0_3'

1. Summary
----------

SUCCESS in the upgrade of design_1_HMM_Scoring_0_3 (xilinx.com:hls:HMM_Scoring:1.0) from (Rev. 1912032206) to (Rev. 1912032215)






Copyright 1986-2019 Xilinx, Inc. All Rights Reserved.
------------------------------------------------------------------------------------
| Tool Version : Vivado v.2019.1 (win64) Build 2552052 Fri May 24 14:49:42 MDT 2019
| Date         : Tue Dec  3 22:07:12 2019
| Host         : DESKTOP-A66E6H3 running 64-bit major release  (build 9200)
| Command      : upgrade_ip
| Device       : xc7z020clg400-1
------------------------------------------------------------------------------------

Upgrade Log for IP 'design_1_HMM_Scoring_0_3'

1. Summary
----------

SUCCESS in the upgrade of design_1_HMM_Scoring_0_3 (xilinx.com:hls:HMM_Scoring:1.0) from (Rev. 1912032158) to (Rev. 1912032206)






Copyright 1986-2019 Xilinx, Inc. All Rights Reserved.
------------------------------------------------------------------------------------
| Tool Version : Vivado v.2019.1 (win64) Build 2552052 Fri May 24 14:49:42 MDT 2019
| Date         : Tue Dec  3 21:59:20 2019
| Host         : DESKTOP-A66E6H3 running 64-bit major release  (build 9200)
| Command      : upgrade_ip
| Device       : xc7z020clg400-1
------------------------------------------------------------------------------------

Upgrade Log for IP 'design_1_HMM_Scoring_0_3'

1. Summary
----------

SUCCESS in the upgrade of design_1_HMM_Scoring_0_3 (xilinx.com:hls:HMM_Scoring:1.0) from (Rev. 1912031917) to (Rev. 1912032158)

