Copyright 1986-2019 Xilinx, Inc. All Rights Reserved.
---------------------------------------------------------------------------------------------
| Tool Version : Vivado v.2019.1 (win64) Build 2552052 Fri May 24 14:49:42 MDT 2019
| Date         : Sun Dec  8 11:54:30 2019
| Host         : DESKTOP-A66E6H3 running 64-bit major release  (build 9200)
| Command      : report_control_sets -verbose -file design_1_wrapper_control_sets_placed.rpt
| Design       : design_1_wrapper
| Device       : xc7z020
---------------------------------------------------------------------------------------------

Control Set Information

Table of Contents
-----------------
1. Summary
2. Histogram
3. Flip-Flop Distribution
4. Detailed Control Set Information

1. Summary
----------

+----------------------------------------------------------+-------+
|                          Status                          | Count |
+----------------------------------------------------------+-------+
| Total control sets                                       |   164 |
|    Minimum number of control sets                        |   164 |
|    Addition due to synthesis replication                 |     0 |
|    Addition due to physical synthesis replication        |     0 |
| Unused register locations in slices containing registers |   428 |
+----------------------------------------------------------+-------+
* Control sets can be merged at opt_design using control_set_merge or merge_equivalent_drivers
** Run report_qor_suggestions for automated merging and remapping suggestions


2. Histogram
------------

+--------------------+-------+
|       Fanout       | Count |
+--------------------+-------+
| Total control sets |   164 |
| >= 0 to < 4        |    11 |
| >= 4 to < 6        |    30 |
| >= 6 to < 8        |     7 |
| >= 8 to < 10       |    12 |
| >= 10 to < 12      |     2 |
| >= 12 to < 14      |     6 |
| >= 14 to < 16      |     3 |
| >= 16              |    93 |
+--------------------+-------+
* Control sets can be remapped at either synth_design or opt_design


3. Flip-Flop Distribution
-------------------------

+--------------+-----------------------+------------------------+-----------------+--------------+
| Clock Enable | Synchronous Set/Reset | Asynchronous Set/Reset | Total Registers | Total Slices |
+--------------+-----------------------+------------------------+-----------------+--------------+
| No           | No                    | No                     |             191 |           79 |
| No           | No                    | Yes                    |               0 |            0 |
| No           | Yes                   | No                     |             213 |          102 |
| Yes          | No                    | No                     |            2247 |          620 |
| Yes          | No                    | Yes                    |               0 |            0 |
| Yes          | Yes                   | No                     |            1369 |          381 |
+--------------+-----------------------+------------------------+-----------------+--------------+


4. Detailed Control Set Information
-----------------------------------

+-------------------------------------------------+--------------------------------------------------------------------------------------------------------------------------------------------------------------------------------------+-------------------------------------------------------------------------------------------------------------------------------------------------------+------------------+----------------+
|                   Clock Signal                  |                                                                                     Enable Signal                                                                                    |                                                                    Set/Reset Signal                                                                   | Slice Load Count | Bel Load Count |
+-------------------------------------------------+--------------------------------------------------------------------------------------------------------------------------------------------------------------------------------------+-------------------------------------------------------------------------------------------------------------------------------------------------------+------------------+----------------+
|  design_1_i/processing_system7_0/inst/FCLK_CLK0 | design_1_i/axi_smc/inst/m00_exit_pipeline/m00_exit/inst/splitter_inst/gen_axi3.splitter_inst/gen_wsplitter.gen_wthread_loop[0].b_split_fifo/gen_srls[0].srl_nx1/shift_qual           |                                                                                                                                                       |                1 |              1 |
|  design_1_i/processing_system7_0/inst/FCLK_CLK0 |                                                                                                                                                                                      | design_1_i/axi_smc/inst/s00_nodes/s00_w_node/inst/s_sc_areset_pipe                                                                                    |                1 |              1 |
|  design_1_i/processing_system7_0/inst/FCLK_CLK0 | design_1_i/axi_smc/inst/m00_exit_pipeline/m00_exit/inst/splitter_inst/gen_axi3.splitter_inst/ar_cmd_reg/gen_rsplitter.artrans_cntr                                                   | design_1_i/axi_smc/inst/m00_exit_pipeline/m00_exit/inst/splitter_inst/gen_axi3.splitter_inst/ar_cmd_reg/gen_rd_b.doutb_reg_reg[4]                     |                1 |              1 |
|  design_1_i/processing_system7_0/inst/FCLK_CLK0 |                                                                                                                                                                                      | design_1_i/axi_smc/inst/s00_nodes/s00_aw_node/inst/s_sc_areset_pipe                                                                                   |                1 |              1 |
|  design_1_i/processing_system7_0/inst/FCLK_CLK0 |                                                                                                                                                                                      | design_1_i/axi_smc/inst/s00_nodes/s00_ar_node/inst/s_sc_areset_pipe                                                                                   |                1 |              1 |
|  design_1_i/processing_system7_0/inst/FCLK_CLK0 |                                                                                                                                                                                      | design_1_i/axi_smc/inst/s00_nodes/s00_b_node/inst/s_sc_areset_pipe                                                                                    |                1 |              1 |
|  design_1_i/processing_system7_0/inst/FCLK_CLK0 |                                                                                                                                                                                      | design_1_i/axi_smc/inst/s00_nodes/s00_r_node/inst/s_sc_areset_pipe                                                                                    |                1 |              1 |
|  design_1_i/processing_system7_0/inst/FCLK_CLK0 | design_1_i/axi_smc/inst/m00_exit_pipeline/m00_exit/inst/splitter_inst/gen_axi3.splitter_inst/gen_rsplitter.gen_rthread_loop[0].r_split_fifo/gen_srls[0].srl_nx1/shift_qual           |                                                                                                                                                       |                1 |              1 |
|  design_1_i/processing_system7_0/inst/FCLK_CLK0 | design_1_i/ps7_0_axi_periph/s00_couplers/auto_pc/inst/gen_axilite.gen_b2s_conv.axilite_b2s/WR.b_channel_0/bid_fifo_0/bresp_push                                                      |                                                                                                                                                       |                1 |              2 |
|  design_1_i/processing_system7_0/inst/FCLK_CLK0 | design_1_i/axi_smc/inst/s00_entry_pipeline/s00_mmu/inst/aw_reg_stall/skid_buffer[1144]_i_1__0_n_0                                                                                    |                                                                                                                                                       |                1 |              3 |
|  design_1_i/processing_system7_0/inst/FCLK_CLK0 | design_1_i/axi_smc/inst/s00_entry_pipeline/s00_mmu/inst/aw_reg_stall/m_vector_i                                                                                                      |                                                                                                                                                       |                1 |              3 |
|  design_1_i/processing_system7_0/inst/FCLK_CLK0 |                                                                                                                                                                                      | design_1_i/HMM_Scoring_0/inst/ap_CS_fsm_state32                                                                                                       |                1 |              4 |
|  design_1_i/processing_system7_0/inst/FCLK_CLK0 |                                                                                                                                                                                      | design_1_i/axi_smc/inst/clk_map/psr_aclk/U0/EXT_LPF/lpf_int                                                                                           |                1 |              4 |
|  design_1_i/processing_system7_0/inst/FCLK_CLK0 | design_1_i/HMM_Scoring_0/inst/HMM_Scoring_gmem_m_axi_U/bus_read/fifo_rctl/pout[3]_i_1_n_1                                                                                            | design_1_i/HMM_Scoring_0/inst/HMM_Scoring_AXILiteS_s_axi_U/ap_rst_n_inv                                                                               |                1 |              4 |
|  design_1_i/processing_system7_0/inst/FCLK_CLK0 |                                                                                                                                                                                      | design_1_i/axi_smc/inst/s00_nodes/s00_w_node/inst/inst_mi_handler/areset_r                                                                            |                2 |              4 |
|  design_1_i/processing_system7_0/inst/FCLK_CLK0 |                                                                                                                                                                                      | design_1_i/rst_ps7_0_100M/U0/EXT_LPF/lpf_int                                                                                                          |                2 |              4 |
|  design_1_i/processing_system7_0/inst/FCLK_CLK0 |                                                                                                                                                                                      | design_1_i/ps7_0_axi_periph/s00_couplers/auto_pc/inst/gen_axilite.gen_b2s_conv.axilite_b2s/SI_REG/ar.ar_pipe/aresetn_d_reg[1]_inv_0                   |                2 |              4 |
|  design_1_i/processing_system7_0/inst/FCLK_CLK0 |                                                                                                                                                                                      | design_1_i/ps7_0_axi_periph/s00_couplers/auto_pc/inst/gen_axilite.gen_b2s_conv.axilite_b2s/SI_REG/aw.aw_pipe/aresetn_d_reg[0]_0                       |                2 |              4 |
|  design_1_i/processing_system7_0/inst/FCLK_CLK0 | design_1_i/axi_smc/inst/m00_exit_pipeline/m00_exit/inst/splitter_inst/gen_axi3.splitter_inst/gen_wsplitter.w_split_fifo/fifoaddr[3]_i_1_n_0                                          | design_1_i/axi_smc/inst/m00_exit_pipeline/m00_exit/inst/areset                                                                                        |                1 |              4 |
|  design_1_i/processing_system7_0/inst/FCLK_CLK0 | design_1_i/axi_smc/inst/m00_exit_pipeline/m00_exit/inst/exit_inst/gen_r_cmd_fifo.r_cmd_fifo/fifoaddr[3]_i_1__3_n_0                                                                   | design_1_i/axi_smc/inst/m00_exit_pipeline/m00_exit/inst/areset                                                                                        |                2 |              4 |
|  design_1_i/processing_system7_0/inst/FCLK_CLK0 | design_1_i/HMM_Scoring_0/inst/HMM_Scoring_gmem_m_axi_U/bus_read/fifo_rctl/full_n_reg_3                                                                                               | design_1_i/HMM_Scoring_0/inst/HMM_Scoring_AXILiteS_s_axi_U/ap_rst_n_inv                                                                               |                1 |              4 |
|  design_1_i/processing_system7_0/inst/FCLK_CLK0 | design_1_i/axi_smc/inst/m00_exit_pipeline/m00_exit/inst/exit_inst/gen_w_cmd_fifo.w_cmd_fifo/fifoaddr[3]_i_1__2_n_0                                                                   | design_1_i/axi_smc/inst/m00_exit_pipeline/m00_exit/inst/areset                                                                                        |                1 |              4 |
|  design_1_i/processing_system7_0/inst/FCLK_CLK0 | design_1_i/axi_smc/inst/m00_exit_pipeline/m00_exit/inst/splitter_inst/gen_axi3.splitter_inst/gen_rsplitter.gen_rthread_loop[0].r_split_fifo/fifoaddr[3]_i_1__1_n_0                   | design_1_i/axi_smc/inst/m00_exit_pipeline/m00_exit/inst/areset                                                                                        |                1 |              4 |
|  design_1_i/processing_system7_0/inst/FCLK_CLK0 | design_1_i/axi_smc/inst/s00_entry_pipeline/s00_si_converter/inst/splitter_inst/gen_no_wsplitter.gen_endpoint_woffset.gen_wbypass_offset_fifo.wbypass_offset_fifo/fifoaddr[3]_i_1_n_0 | design_1_i/axi_smc/inst/s00_entry_pipeline/s00_si_converter/inst/areset                                                                               |                1 |              4 |
|  design_1_i/processing_system7_0/inst/FCLK_CLK0 | design_1_i/axi_smc/inst/m00_exit_pipeline/m00_exit/inst/splitter_inst/gen_axi3.splitter_inst/ar_cmd_reg/skid_buffer[1144]_i_1__0_n_0                                                 | design_1_i/axi_smc/inst/m00_exit_pipeline/m00_exit/inst/splitter_inst/gen_axi3.splitter_inst/ar_cmd_reg/skid_buffer[185]_i_1_n_0                      |                1 |              4 |
|  design_1_i/processing_system7_0/inst/FCLK_CLK0 | design_1_i/axi_smc/inst/s00_entry_pipeline/s00_mmu/inst/aw_sreg/skid_buffer[1144]_i_1__2_n_0                                                                                         |                                                                                                                                                       |                1 |              4 |
|  design_1_i/processing_system7_0/inst/FCLK_CLK0 | design_1_i/axi_smc/inst/s00_entry_pipeline/s00_mmu/inst/aw_sreg/m_vector_i                                                                                                           |                                                                                                                                                       |                1 |              4 |
|  design_1_i/processing_system7_0/inst/FCLK_CLK0 | design_1_i/axi_smc/inst/m00_exit_pipeline/m00_exit/inst/splitter_inst/gen_axi3.splitter_inst/gen_wsplitter.gen_wthread_loop[0].b_split_fifo/fifoaddr[3]_i_1__0_n_0                   | design_1_i/axi_smc/inst/m00_exit_pipeline/m00_exit/inst/areset                                                                                        |                2 |              4 |
|  design_1_i/processing_system7_0/inst/FCLK_CLK0 | design_1_i/axi_smc/inst/s00_entry_pipeline/s00_mmu/inst/ar_sreg/E[0]                                                                                                                 | design_1_i/axi_smc/inst/s00_entry_pipeline/s00_mmu/inst/areset                                                                                        |                2 |              5 |
|  design_1_i/processing_system7_0/inst/FCLK_CLK0 | design_1_i/ps7_0_axi_periph/s00_couplers/auto_pc/inst/gen_axilite.gen_b2s_conv.axilite_b2s/RD.r_channel_0/transaction_fifo_0/E[0]                                                    | design_1_i/ps7_0_axi_periph/s00_couplers/auto_pc/inst/gen_axilite.gen_b2s_conv.axilite_b2s/areset_d1                                                  |                2 |              5 |
|  design_1_i/processing_system7_0/inst/FCLK_CLK0 | design_1_i/ps7_0_axi_periph/s00_couplers/auto_pc/inst/gen_axilite.gen_b2s_conv.axilite_b2s/RD.ar_channel_0/ar_cmd_fsm_0/m_axi_arready_0                                              | design_1_i/ps7_0_axi_periph/s00_couplers/auto_pc/inst/gen_axilite.gen_b2s_conv.axilite_b2s/RD.ar_channel_0/ar_cmd_fsm_0/FSM_sequential_state_reg[1]_0 |                2 |              5 |
|  design_1_i/processing_system7_0/inst/FCLK_CLK0 | design_1_i/ps7_0_axi_periph/s00_couplers/auto_pc/inst/gen_axilite.gen_b2s_conv.axilite_b2s/WR.aw_channel_0/aw_cmd_fsm_0/m_valid_i_reg_0                                              | design_1_i/ps7_0_axi_periph/s00_couplers/auto_pc/inst/gen_axilite.gen_b2s_conv.axilite_b2s/WR.aw_channel_0/aw_cmd_fsm_0/m_valid_i_reg                 |                2 |              5 |
|  design_1_i/processing_system7_0/inst/FCLK_CLK0 | design_1_i/axi_smc/inst/m00_exit_pipeline/m00_exit/inst/splitter_inst/gen_axi3.splitter_inst/ar_cmd_reg/skid_buffer[1144]_i_1__0_n_0                                                 | design_1_i/axi_smc/inst/m00_exit_pipeline/m00_exit/inst/splitter_inst/gen_axi3.splitter_inst/ar_cmd_reg/skid_buffer[146]_i_1__0_n_0                   |                2 |              5 |
|  design_1_i/processing_system7_0/inst/FCLK_CLK0 | design_1_i/axi_smc/inst/m00_exit_pipeline/m00_exit/inst/splitter_inst/gen_axi3.splitter_inst/ar_cmd_reg/E[0]                                                                         | design_1_i/axi_smc/inst/m00_exit_pipeline/m00_exit/inst/areset                                                                                        |                2 |              5 |
|  design_1_i/processing_system7_0/inst/FCLK_CLK0 | design_1_i/axi_smc/inst/s00_entry_pipeline/s00_mmu/inst/aw_sreg/E[0]                                                                                                                 | design_1_i/axi_smc/inst/s00_entry_pipeline/s00_mmu/inst/areset                                                                                        |                2 |              5 |
|  design_1_i/processing_system7_0/inst/FCLK_CLK0 | design_1_i/axi_smc/inst/s00_entry_pipeline/s00_mmu/inst/aw_sreg/state_reg[s_ready_i]_1                                                                                               | design_1_i/axi_smc/inst/s00_entry_pipeline/s00_mmu/inst/areset                                                                                        |                2 |              5 |
|  design_1_i/processing_system7_0/inst/FCLK_CLK0 | design_1_i/axi_smc/inst/m00_exit_pipeline/m00_exit/inst/splitter_inst/gen_axi3.splitter_inst/aw_cmd_reg/skid_buffer[1144]_i_1_n_0                                                    | design_1_i/axi_smc/inst/m00_exit_pipeline/m00_exit/inst/splitter_inst/gen_axi3.splitter_inst/aw_cmd_reg/skid_buffer[146]_i_1_n_0                      |                2 |              5 |
|  design_1_i/processing_system7_0/inst/FCLK_CLK0 | design_1_i/axi_smc/inst/m00_exit_pipeline/m00_exit/inst/splitter_inst/gen_axi3.splitter_inst/aw_cmd_reg/E[0]                                                                         | design_1_i/axi_smc/inst/m00_exit_pipeline/m00_exit/inst/areset                                                                                        |                2 |              5 |
|  design_1_i/processing_system7_0/inst/FCLK_CLK0 | design_1_i/ps7_0_axi_periph/s00_couplers/auto_pc/inst/gen_axilite.gen_b2s_conv.axilite_b2s/RD.r_channel_0/transaction_fifo_0/cnt_read[4]_i_1__0_n_0                                  | design_1_i/ps7_0_axi_periph/s00_couplers/auto_pc/inst/gen_axilite.gen_b2s_conv.axilite_b2s/areset_d1                                                  |                2 |              5 |
|  design_1_i/processing_system7_0/inst/FCLK_CLK0 | design_1_i/axi_smc/inst/m00_exit_pipeline/m00_exit/inst/splitter_inst/gen_axi3.splitter_inst/gen_wsplitter.w_split_fifo/gen_pipelined.mesg_reg                                       |                                                                                                                                                       |                2 |              5 |
|  design_1_i/processing_system7_0/inst/FCLK_CLK0 | design_1_i/axi_smc/inst/m00_exit_pipeline/m00_exit/inst/splitter_inst/gen_axi3.splitter_inst/gen_wsplitter.w_split_fifo/gen_srls[4].srl_nx1/shift_qual                               |                                                                                                                                                       |                2 |              5 |
|  design_1_i/processing_system7_0/inst/FCLK_CLK0 | design_1_i/axi_smc/inst/s00_nodes/s00_b_node/inst/inst_mi_handler/gen_normal_area.inst_fifo_node_payld/gen_xpm_memory_fifo.inst_fifo/gen_mem_rep[0].inst_rd_addrb/rd_addrb_incr      | design_1_i/axi_smc/inst/s00_nodes/s00_b_node/inst/inst_mi_handler/m_sc_areset_r                                                                       |                2 |              6 |
|  design_1_i/processing_system7_0/inst/FCLK_CLK0 | design_1_i/axi_smc/inst/clk_map/psr_aclk/U0/SEQ/seq_cnt_en                                                                                                                           | design_1_i/axi_smc/inst/clk_map/psr_aclk/U0/SEQ/SEQ_COUNTER/clear                                                                                     |                1 |              6 |
|  design_1_i/processing_system7_0/inst/FCLK_CLK0 | design_1_i/HMM_Scoring_0/inst/HMM_Scoring_gmem_m_axi_U/bus_read/fifo_rctl/p_20_in                                                                                                    | design_1_i/HMM_Scoring_0/inst/HMM_Scoring_gmem_m_axi_U/bus_read/fifo_rctl/SR[0]                                                                       |                2 |              6 |
|  design_1_i/processing_system7_0/inst/FCLK_CLK0 | design_1_i/axi_smc/inst/m00_exit_pipeline/m00_exit/inst/exit_inst/gen_r_cmd_fifo.r_cmd_fifo/gen_srls[15].srl_nx1/shift_qual                                                          |                                                                                                                                                       |                2 |              6 |
|  design_1_i/processing_system7_0/inst/FCLK_CLK0 | design_1_i/rst_ps7_0_100M/U0/SEQ/seq_cnt_en                                                                                                                                          | design_1_i/rst_ps7_0_100M/U0/SEQ/SEQ_COUNTER/clear                                                                                                    |                1 |              6 |
|  design_1_i/processing_system7_0/inst/FCLK_CLK0 | design_1_i/axi_smc/inst/m00_exit_pipeline/m00_exit/inst/exit_inst/gen_r_cmd_fifo.r_cmd_fifo/gen_pipelined.mesg_reg                                                                   |                                                                                                                                                       |                2 |              6 |
|  design_1_i/processing_system7_0/inst/FCLK_CLK0 | design_1_i/HMM_Scoring_0/inst/HMM_Scoring_AXILiteS_s_axi_U/waddr                                                                                                                     |                                                                                                                                                       |                2 |              7 |
|  design_1_i/processing_system7_0/inst/FCLK_CLK0 | design_1_i/HMM_Scoring_0/inst/phi_ln56_1_reg_3530                                                                                                                                    | design_1_i/HMM_Scoring_0/inst/phi_ln56_1_reg_353                                                                                                      |                4 |              8 |
|  design_1_i/processing_system7_0/inst/FCLK_CLK0 | design_1_i/ps7_0_axi_periph/s00_couplers/auto_pc/inst/gen_axilite.gen_b2s_conv.axilite_b2s/RD.ar_channel_0/ar_cmd_fsm_0/sel_first_reg[0]                                             |                                                                                                                                                       |                2 |              8 |
|  design_1_i/processing_system7_0/inst/FCLK_CLK0 | design_1_i/HMM_Scoring_0/inst/ap_NS_fsm118_out                                                                                                                                       | design_1_i/HMM_Scoring_0/inst/HMM_Scoring_gmem_m_axi_U/bus_read/rs_rdata/SR[0]                                                                        |                2 |              8 |
|  design_1_i/processing_system7_0/inst/FCLK_CLK0 | design_1_i/axi_smc/inst/s00_entry_pipeline/s00_mmu/inst/gen_endpoint.decerr_slave_inst/gen_axi.gen_read.read_cnt[7]_i_1_n_0                                                          | design_1_i/axi_smc/inst/s00_entry_pipeline/s00_mmu/inst/areset                                                                                        |                4 |              8 |
|  design_1_i/processing_system7_0/inst/FCLK_CLK0 | design_1_i/HMM_Scoring_0/inst/ap_CS_fsm_state48                                                                                                                                      | design_1_i/HMM_Scoring_0/inst/j_0_reg_4600                                                                                                            |                2 |              8 |
|  design_1_i/processing_system7_0/inst/FCLK_CLK0 | design_1_i/ps7_0_axi_periph/s00_couplers/auto_pc/inst/gen_axilite.gen_b2s_conv.axilite_b2s/RD.ar_channel_0/ar_cmd_fsm_0/E[0]                                                         |                                                                                                                                                       |                4 |              8 |
|  design_1_i/processing_system7_0/inst/FCLK_CLK0 | design_1_i/ps7_0_axi_periph/s00_couplers/auto_pc/inst/gen_axilite.gen_b2s_conv.axilite_b2s/WR.aw_channel_0/cmd_translator_0/incr_cmd_0/axaddr_incr[11]_i_1_n_0                       |                                                                                                                                                       |                2 |              8 |
|  design_1_i/processing_system7_0/inst/FCLK_CLK0 | design_1_i/HMM_Scoring_0/inst/HMM_Scoring_gmem_m_axi_U/bus_read/buff_rdata/usedw[7]_i_1_n_1                                                                                          | design_1_i/HMM_Scoring_0/inst/HMM_Scoring_AXILiteS_s_axi_U/ap_rst_n_inv                                                                               |                3 |              8 |
|  design_1_i/processing_system7_0/inst/FCLK_CLK0 | design_1_i/ps7_0_axi_periph/s00_couplers/auto_pc/inst/gen_axilite.gen_b2s_conv.axilite_b2s/WR.aw_channel_0/aw_cmd_fsm_0/E[0]                                                         |                                                                                                                                                       |                5 |              8 |
|  design_1_i/processing_system7_0/inst/FCLK_CLK0 | design_1_i/ps7_0_axi_periph/s00_couplers/auto_pc/inst/gen_axilite.gen_b2s_conv.axilite_b2s/WR.b_channel_0/mhandshake_r                                                               | design_1_i/ps7_0_axi_periph/s00_couplers/auto_pc/inst/gen_axilite.gen_b2s_conv.axilite_b2s/WR.b_channel_0/bid_fifo_0/SR[0]                            |                2 |              8 |
|  design_1_i/processing_system7_0/inst/FCLK_CLK0 | design_1_i/HMM_Scoring_0/inst/ap_CS_fsm_state47                                                                                                                                      |                                                                                                                                                       |                3 |              8 |
|  design_1_i/processing_system7_0/inst/FCLK_CLK0 | design_1_i/axi_smc/inst/m00_exit_pipeline/m00_exit/inst/splitter_inst/gen_axi3.splitter_inst/gen_wsplitter.w_split_fifo/E[0]                                                         | design_1_i/axi_smc/inst/m00_exit_pipeline/m00_exit/inst/areset                                                                                        |                4 |              9 |
|  design_1_i/processing_system7_0/inst/FCLK_CLK0 | design_1_i/HMM_Scoring_0/inst/HMM_Scoring_gmem_m_axi_U/bus_read/fifo_rctl/could_multi_bursts.sect_handling_reg_1[0]                                                                  | design_1_i/HMM_Scoring_0/inst/HMM_Scoring_gmem_m_axi_U/bus_read/fifo_rctl/ap_rst_n_0[0]                                                               |                2 |             10 |
|  design_1_i/processing_system7_0/inst/FCLK_CLK0 |                                                                                                                                                                                      | design_1_i/ps7_0_axi_periph/s00_couplers/auto_pc/inst/gen_axilite.gen_b2s_conv.axilite_b2s/areset_d1                                                  |                5 |             10 |
|  design_1_i/processing_system7_0/inst/FCLK_CLK0 | design_1_i/axi_smc/inst/s00_nodes/s00_aw_node/inst/inst_si_handler/inst_arb_stall_late/s_sc_valid                                                                                    | design_1_i/axi_smc/inst/s00_nodes/s00_aw_node/inst/inst_mi_handler/areset_r                                                                           |                6 |             12 |
|  design_1_i/processing_system7_0/inst/FCLK_CLK0 | design_1_i/axi_smc/inst/s00_nodes/s00_ar_node/inst/inst_si_handler/inst_arb_stall_late/s_sc_valid                                                                                    | design_1_i/axi_smc/inst/s00_nodes/s00_ar_node/inst/inst_mi_handler/areset_r                                                                           |                5 |             12 |
|  design_1_i/processing_system7_0/inst/FCLK_CLK0 | design_1_i/axi_smc/inst/s00_nodes/s00_b_node/inst/inst_si_handler/inst_arb_stall_late/s_sc_valid                                                                                     | design_1_i/axi_smc/inst/s00_nodes/s00_b_node/inst/inst_mi_handler/areset_r                                                                            |                4 |             12 |
|  design_1_i/processing_system7_0/inst/FCLK_CLK0 | design_1_i/axi_smc/inst/s00_nodes/s00_r_node/inst/inst_si_handler/inst_arb_stall_late/s_sc_valid                                                                                     | design_1_i/axi_smc/inst/s00_nodes/s00_r_node/inst/inst_mi_handler/areset_r                                                                            |                6 |             12 |
|  design_1_i/processing_system7_0/inst/FCLK_CLK0 | design_1_i/axi_smc/inst/s00_nodes/s00_w_node/inst/inst_mi_handler/gen_normal_area.gen_upsizer.inst_upsizer/gen_normal_area.upsizer_valid                                             | design_1_i/axi_smc/inst/s00_nodes/s00_w_node/inst/inst_mi_handler/areset_r                                                                            |                6 |             12 |
|  design_1_i/processing_system7_0/inst/FCLK_CLK0 | design_1_i/ps7_0_axi_periph/s00_couplers/auto_pc/inst/gen_axilite.gen_b2s_conv.axilite_b2s/RD.r_channel_0/r_push_r                                                                   |                                                                                                                                                       |                4 |             13 |
|  design_1_i/processing_system7_0/inst/FCLK_CLK0 | design_1_i/ps7_0_axi_periph/s00_couplers/auto_pc/inst/gen_axilite.gen_b2s_conv.axilite_b2s/SI_REG/b.b_pipe/s_ready_i_reg_0                                                           |                                                                                                                                                       |                5 |             14 |
|  design_1_i/processing_system7_0/inst/FCLK_CLK0 | design_1_i/ps7_0_axi_periph/s00_couplers/auto_pc/inst/gen_axilite.gen_b2s_conv.axilite_b2s/SI_REG/b.b_pipe/p_1_in                                                                    |                                                                                                                                                       |                3 |             14 |
|  design_1_i/processing_system7_0/inst/FCLK_CLK0 | design_1_i/axi_smc/inst/m00_exit_pipeline/m00_exit/inst/splitter_inst/gen_axi3.splitter_inst/gen_wsplitter.s_axi_awcache_d                                                           |                                                                                                                                                       |                7 |             15 |
|  design_1_i/processing_system7_0/inst/FCLK_CLK0 | design_1_i/HMM_Scoring_0/inst/ap_CS_fsm_state14                                                                                                                                      |                                                                                                                                                       |                5 |             16 |
|  design_1_i/processing_system7_0/inst/FCLK_CLK0 | design_1_i/ps7_0_axi_periph/s00_couplers/auto_pc/inst/gen_axilite.gen_b2s_conv.axilite_b2s/WR.aw_channel_0/aw_cmd_fsm_0/b_push                                                       |                                                                                                                                                       |                3 |             16 |
|  design_1_i/processing_system7_0/inst/FCLK_CLK0 | design_1_i/ps7_0_axi_periph/s00_couplers/auto_pc/inst/gen_axilite.gen_b2s_conv.axilite_b2s/RD.ar_channel_0/ar_cmd_fsm_0/m_axi_arready_0                                              |                                                                                                                                                       |                8 |             17 |
|  design_1_i/processing_system7_0/inst/FCLK_CLK0 | design_1_i/ps7_0_axi_periph/s00_couplers/auto_pc/inst/gen_axilite.gen_b2s_conv.axilite_b2s/WR.aw_channel_0/aw_cmd_fsm_0/m_valid_i_reg_0                                              |                                                                                                                                                       |               10 |             17 |
|  design_1_i/processing_system7_0/inst/FCLK_CLK0 | design_1_i/axi_smc/inst/m00_exit_pipeline/m00_exit/inst/splitter_inst/gen_axi3.splitter_inst/gen_rsplitter.s_axi_arcache_d                                                           |                                                                                                                                                       |                8 |             20 |
|  design_1_i/processing_system7_0/inst/FCLK_CLK0 | design_1_i/HMM_Scoring_0/inst/HMM_Scoring_gmem_m_axi_U/bus_read/fifo_rreq/E[0]                                                                                                       | design_1_i/HMM_Scoring_0/inst/HMM_Scoring_AXILiteS_s_axi_U/ap_rst_n_inv                                                                               |                7 |             20 |
|  design_1_i/processing_system7_0/inst/FCLK_CLK0 | design_1_i/HMM_Scoring_0/inst/ap_NS_fsm125_out                                                                                                                                       | design_1_i/HMM_Scoring_0/inst/HMM_Scoring_AXILiteS_s_axi_U/SR[0]                                                                                      |                6 |             22 |
|  design_1_i/processing_system7_0/inst/FCLK_CLK0 | design_1_i/HMM_Scoring_0/inst/ap_CS_fsm_state2                                                                                                                                       |                                                                                                                                                       |                6 |             22 |
|  design_1_i/processing_system7_0/inst/FCLK_CLK0 | design_1_i/HMM_Scoring_0/inst/ap_NS_fsm122_out                                                                                                                                       | design_1_i/HMM_Scoring_0/inst/phi_mul9_reg_375                                                                                                        |                7 |             22 |
|  design_1_i/processing_system7_0/inst/FCLK_CLK0 | design_1_i/HMM_Scoring_0/inst/ap_CS_fsm_state46                                                                                                                                      |                                                                                                                                                       |                6 |             22 |
|  design_1_i/processing_system7_0/inst/FCLK_CLK0 | design_1_i/HMM_Scoring_0/inst/ap_NS_fsm1                                                                                                                                             | design_1_i/HMM_Scoring_0/inst/i_0_reg_437                                                                                                             |                7 |             22 |
|  design_1_i/processing_system7_0/inst/FCLK_CLK0 | design_1_i/ps7_0_axi_periph/s00_couplers/auto_pc/inst/gen_axilite.gen_b2s_conv.axilite_b2s/SI_REG/aw.aw_pipe/s_ready_i_reg_0                                                         |                                                                                                                                                       |                7 |             28 |
|  design_1_i/processing_system7_0/inst/FCLK_CLK0 | design_1_i/ps7_0_axi_periph/s00_couplers/auto_pc/inst/gen_axilite.gen_b2s_conv.axilite_b2s/RD.ar_channel_0/ar_cmd_fsm_0/FSM_sequential_state_reg[1]_1[0]                             |                                                                                                                                                       |                8 |             28 |
|  design_1_i/processing_system7_0/inst/FCLK_CLK0 | design_1_i/ps7_0_axi_periph/s00_couplers/auto_pc/inst/gen_axilite.gen_b2s_conv.axilite_b2s/WR.aw_channel_0/aw_cmd_fsm_0/m_valid_i_reg_1[0]                                           |                                                                                                                                                       |                5 |             28 |
|  design_1_i/processing_system7_0/inst/FCLK_CLK0 | design_1_i/ps7_0_axi_periph/s00_couplers/auto_pc/inst/gen_axilite.gen_b2s_conv.axilite_b2s/SI_REG/ar.ar_pipe/s_ready_i_reg_0                                                         |                                                                                                                                                       |                7 |             28 |
|  design_1_i/processing_system7_0/inst/FCLK_CLK0 | design_1_i/HMM_Scoring_0/inst/HMM_Scoring_gmem_m_axi_U/bus_read/fifo_rctl/p_20_in                                                                                                    | design_1_i/HMM_Scoring_0/inst/HMM_Scoring_AXILiteS_s_axi_U/ap_rst_n_inv                                                                               |                5 |             30 |
|  design_1_i/processing_system7_0/inst/FCLK_CLK0 | design_1_i/HMM_Scoring_0/inst/add_ln67_reg_10770                                                                                                                                     |                                                                                                                                                       |                8 |             30 |
|  design_1_i/processing_system7_0/inst/FCLK_CLK0 | design_1_i/HMM_Scoring_0/inst/add_ln67_1_reg_11520                                                                                                                                   |                                                                                                                                                       |                8 |             30 |
|  design_1_i/processing_system7_0/inst/FCLK_CLK0 | design_1_i/HMM_Scoring_0/inst/HMM_Scoring_gmem_m_axi_U/bus_read/rs_rreq/load_p2                                                                                                      |                                                                                                                                                       |               10 |             30 |
|  design_1_i/processing_system7_0/inst/FCLK_CLK0 | design_1_i/HMM_Scoring_0/inst/ap_CS_fsm_state4                                                                                                                                       |                                                                                                                                                       |                8 |             30 |
|  design_1_i/processing_system7_0/inst/FCLK_CLK0 | design_1_i/HMM_Scoring_0/inst/grading_arr_address01                                                                                                                                  |                                                                                                                                                       |                8 |             30 |
|  design_1_i/processing_system7_0/inst/FCLK_CLK0 | design_1_i/HMM_Scoring_0/inst/HMM_Scoring_gmem_m_axi_U/bus_read/rs_rreq/load_p1                                                                                                      |                                                                                                                                                       |               10 |             30 |
|  design_1_i/processing_system7_0/inst/FCLK_CLK0 | design_1_i/HMM_Scoring_0/inst/HMM_Scoring_gmem_m_axi_U/bus_read/fifo_rreq/push                                                                                                       |                                                                                                                                                       |                5 |             31 |
|  design_1_i/processing_system7_0/inst/FCLK_CLK0 | design_1_i/HMM_Scoring_0/inst/HMM_Scoring_gmem_m_axi_U/bus_read/fifo_rctl/could_multi_bursts.sect_handling_reg_1[0]                                                                  | design_1_i/HMM_Scoring_0/inst/HMM_Scoring_AXILiteS_s_axi_U/ap_rst_n_inv                                                                               |                6 |             31 |
|  design_1_i/processing_system7_0/inst/FCLK_CLK0 | design_1_i/HMM_Scoring_0/inst/HMM_Scoring_gmem_m_axi_U/bus_read/rs_rreq/ap_CS_fsm_reg[4][0]                                                                                          |                                                                                                                                                       |                9 |             31 |
|  design_1_i/processing_system7_0/inst/FCLK_CLK0 | design_1_i/HMM_Scoring_0/inst/HMM_Scoring_gmem_m_axi_U/bus_read/rs_rdata/load_p2                                                                                                     |                                                                                                                                                       |                9 |             32 |
|  design_1_i/processing_system7_0/inst/FCLK_CLK0 | design_1_i/HMM_Scoring_0/inst/HMM_Scoring_gmem_m_axi_U/bus_read/rs_rdata/D[0]                                                                                                        |                                                                                                                                                       |                9 |             32 |
|  design_1_i/processing_system7_0/inst/FCLK_CLK0 | design_1_i/HMM_Scoring_0/inst/HMM_Scoring_gmem_m_axi_U/bus_read/rs_rdata/E[0]                                                                                                        |                                                                                                                                                       |                8 |             32 |
|  design_1_i/processing_system7_0/inst/FCLK_CLK0 | design_1_i/HMM_Scoring_0/inst/HMM_Scoring_gmem_m_axi_U/bus_read/rs_rdata/SR[0]                                                                                                       |                                                                                                                                                       |                7 |             32 |
|  design_1_i/processing_system7_0/inst/FCLK_CLK0 | design_1_i/HMM_Scoring_0/inst/HMM_Scoring_gmem_m_axi_U/bus_read/rs_rdata/ap_CS_fsm_reg[11][0]                                                                                        |                                                                                                                                                       |                9 |             32 |
|  design_1_i/processing_system7_0/inst/FCLK_CLK0 | design_1_i/HMM_Scoring_0/inst/HMM_Scoring_gmem_m_axi_U/bus_read/rs_rdata/ap_NS_fsm[5]                                                                                                |                                                                                                                                                       |                6 |             32 |
|  design_1_i/processing_system7_0/inst/FCLK_CLK0 | design_1_i/HMM_Scoring_0/inst/HMM_Scoring_gmem_m_axi_U/bus_read/rs_rdata/ap_NS_fsm[7]                                                                                                |                                                                                                                                                       |                6 |             32 |
|  design_1_i/processing_system7_0/inst/FCLK_CLK0 | design_1_i/HMM_Scoring_0/inst/HMM_Scoring_gmem_m_axi_U/bus_read/rs_rreq/E[0]                                                                                                         |                                                                                                                                                       |                8 |             32 |
|  design_1_i/processing_system7_0/inst/FCLK_CLK0 | design_1_i/HMM_Scoring_0/inst/HMM_Scoring_gmem_m_axi_U/bus_read/rs_rreq/p_0_in                                                                                                       |                                                                                                                                                       |                8 |             32 |
|  design_1_i/processing_system7_0/inst/FCLK_CLK0 | design_1_i/HMM_Scoring_0/inst/HMM_Scoring_gmem_m_axi_U/bus_read/fifo_rctl/E[0]                                                                                                       | design_1_i/HMM_Scoring_0/inst/HMM_Scoring_AXILiteS_s_axi_U/ap_rst_n_inv                                                                               |               10 |             32 |
|  design_1_i/processing_system7_0/inst/FCLK_CLK0 | design_1_i/HMM_Scoring_0/inst/HMM_Scoring_gmem_m_axi_U/bus_read/fifo_rctl/rreq_handling_reg                                                                                          | design_1_i/HMM_Scoring_0/inst/HMM_Scoring_AXILiteS_s_axi_U/ap_rst_n_inv                                                                               |                6 |             32 |
|  design_1_i/processing_system7_0/inst/FCLK_CLK0 | design_1_i/axi_smc/inst/m00_exit_pipeline/m00_exit/inst/splitter_inst/gen_axi3.splitter_inst/ar_cmd_reg/gen_rsplitter.artrans_cntr                                                   |                                                                                                                                                       |               13 |             32 |
|  design_1_i/processing_system7_0/inst/FCLK_CLK0 | design_1_i/HMM_Scoring_0/inst/HMM_Scoring_AXILiteS_s_axi_U/ap_done                                                                                                                   | design_1_i/HMM_Scoring_0/inst/HMM_Scoring_AXILiteS_s_axi_U/ap_rst_n_inv                                                                               |               10 |             32 |
|  design_1_i/processing_system7_0/inst/FCLK_CLK0 | design_1_i/ps7_0_axi_periph/s00_couplers/auto_pc/inst/gen_axilite.gen_b2s_conv.axilite_b2s/RD.r_channel_0/rd_data_fifo_0/wr_en0                                                      |                                                                                                                                                       |                8 |             32 |
|  design_1_i/processing_system7_0/inst/FCLK_CLK0 | design_1_i/HMM_Scoring_0/inst/HMM_Scoring_AXILiteS_s_axi_U/int_MD[31]_i_1_n_1                                                                                                        | design_1_i/HMM_Scoring_0/inst/HMM_Scoring_AXILiteS_s_axi_U/ap_rst_n_inv                                                                               |               11 |             32 |
|  design_1_i/processing_system7_0/inst/FCLK_CLK0 | design_1_i/HMM_Scoring_0/inst/HMM_Scoring_AXILiteS_s_axi_U/int_MI[31]_i_1_n_1                                                                                                        | design_1_i/HMM_Scoring_0/inst/HMM_Scoring_AXILiteS_s_axi_U/ap_rst_n_inv                                                                               |               14 |             32 |
|  design_1_i/processing_system7_0/inst/FCLK_CLK0 | design_1_i/HMM_Scoring_0/inst/HMM_Scoring_AXILiteS_s_axi_U/int_MisM[31]_i_1_n_1                                                                                                      | design_1_i/HMM_Scoring_0/inst/HMM_Scoring_AXILiteS_s_axi_U/ap_rst_n_inv                                                                               |                9 |             32 |
|  design_1_i/processing_system7_0/inst/FCLK_CLK0 | design_1_i/HMM_Scoring_0/inst/HMM_Scoring_AXILiteS_s_axi_U/int_MM[31]_i_1_n_1                                                                                                        | design_1_i/HMM_Scoring_0/inst/HMM_Scoring_AXILiteS_s_axi_U/ap_rst_n_inv                                                                               |                8 |             32 |
|  design_1_i/processing_system7_0/inst/FCLK_CLK0 | design_1_i/HMM_Scoring_0/inst/HMM_Scoring_AXILiteS_s_axi_U/int_MisI[31]_i_1_n_1                                                                                                      | design_1_i/HMM_Scoring_0/inst/HMM_Scoring_AXILiteS_s_axi_U/ap_rst_n_inv                                                                               |               10 |             32 |
|  design_1_i/processing_system7_0/inst/FCLK_CLK0 | design_1_i/HMM_Scoring_0/inst/HMM_Scoring_AXILiteS_s_axi_U/int_MisD[31]_i_1_n_1                                                                                                      | design_1_i/HMM_Scoring_0/inst/HMM_Scoring_AXILiteS_s_axi_U/ap_rst_n_inv                                                                               |               11 |             32 |
|  design_1_i/processing_system7_0/inst/FCLK_CLK0 | design_1_i/HMM_Scoring_0/inst/HMM_Scoring_AXILiteS_s_axi_U/int_MisMis[31]_i_1_n_1                                                                                                    | design_1_i/HMM_Scoring_0/inst/HMM_Scoring_AXILiteS_s_axi_U/ap_rst_n_inv                                                                               |               11 |             32 |
|  design_1_i/processing_system7_0/inst/FCLK_CLK0 | design_1_i/HMM_Scoring_0/inst/HMM_Scoring_AXILiteS_s_axi_U/int_MMis[31]_i_1_n_1                                                                                                      | design_1_i/HMM_Scoring_0/inst/HMM_Scoring_AXILiteS_s_axi_U/ap_rst_n_inv                                                                               |                9 |             32 |
|  design_1_i/processing_system7_0/inst/FCLK_CLK0 | design_1_i/HMM_Scoring_0/inst/HMM_Scoring_AXILiteS_s_axi_U/p_0_in0                                                                                                                   | design_1_i/HMM_Scoring_0/inst/HMM_Scoring_AXILiteS_s_axi_U/ap_rst_n_inv                                                                               |                9 |             32 |
|  design_1_i/processing_system7_0/inst/FCLK_CLK0 | design_1_i/HMM_Scoring_0/inst/HMM_Scoring_AXILiteS_s_axi_U/int_n_arr[31]_i_1_n_1                                                                                                     | design_1_i/HMM_Scoring_0/inst/HMM_Scoring_AXILiteS_s_axi_U/ap_rst_n_inv                                                                               |                8 |             32 |
|  design_1_i/processing_system7_0/inst/FCLK_CLK0 | design_1_i/HMM_Scoring_0/inst/HMM_Scoring_AXILiteS_s_axi_U/rdata[31]_i_2_n_1                                                                                                         | design_1_i/HMM_Scoring_0/inst/HMM_Scoring_AXILiteS_s_axi_U/rdata[31]_i_1_n_1                                                                          |               14 |             32 |
|  design_1_i/processing_system7_0/inst/FCLK_CLK0 | design_1_i/HMM_Scoring_0/inst/result_reg_12490                                                                                                                                       |                                                                                                                                                       |                8 |             32 |
|  design_1_i/processing_system7_0/inst/FCLK_CLK0 | design_1_i/HMM_Scoring_0/inst/storemerge2_reg_423[31]_i_2_n_1                                                                                                                        | design_1_i/HMM_Scoring_0/inst/storemerge2_reg_423                                                                                                     |                8 |             32 |
|  design_1_i/processing_system7_0/inst/FCLK_CLK0 | design_1_i/HMM_Scoring_0/inst/grading_arr_U/HMM_Scoring_gradicud_ram_U/ap_CS_fsm_reg[3]                                                                                              | design_1_i/HMM_Scoring_0/inst/score_results_fu_118[31]_i_1_n_1                                                                                        |                6 |             32 |
|  design_1_i/processing_system7_0/inst/FCLK_CLK0 | design_1_i/HMM_Scoring_0/inst/HMM_Scoring_gmem_m_axi_U/bus_read/rs_rdata/load_p1                                                                                                     |                                                                                                                                                       |               11 |             32 |
|  design_1_i/processing_system7_0/inst/FCLK_CLK0 | design_1_i/HMM_Scoring_0/inst/HMM_Scoring_gmem_m_axi_U/bus_read/buff_rdata/pop                                                                                                       | design_1_i/HMM_Scoring_0/inst/HMM_Scoring_AXILiteS_s_axi_U/ap_rst_n_inv                                                                               |                6 |             33 |
|  design_1_i/processing_system7_0/inst/FCLK_CLK0 | design_1_i/axi_smc/inst/m00_exit_pipeline/m00_exit/inst/splitter_inst/gen_axi3.splitter_inst/aw_cmd_reg/gen_wsplitter.awtrans_cntr                                                   |                                                                                                                                                       |               12 |             33 |
|  design_1_i/processing_system7_0/inst/FCLK_CLK0 | design_1_i/HMM_Scoring_0/inst/ap_CS_fsm_state23                                                                                                                                      |                                                                                                                                                       |               13 |             33 |
|  design_1_i/processing_system7_0/inst/FCLK_CLK0 | design_1_i/axi_smc/inst/s00_entry_pipeline/s00_mmu/inst/r_sreg/skid_buffer[1088]_i_2_n_0                                                                                             | design_1_i/axi_smc/inst/s00_entry_pipeline/s00_mmu/inst/r_sreg/skid_buffer[1088]_i_1_n_0                                                              |                7 |             34 |
|  design_1_i/processing_system7_0/inst/FCLK_CLK0 | design_1_i/axi_smc/inst/s00_entry_pipeline/s00_mmu/inst/r_sreg/m_vector_i                                                                                                            |                                                                                                                                                       |               14 |             35 |
|  design_1_i/processing_system7_0/inst/FCLK_CLK0 | design_1_i/axi_smc/inst/s00_entry_pipeline/s00_mmu/inst/ar_reg_stall/skid_buffer[1144]_i_1_n_0                                                                                       |                                                                                                                                                       |                7 |             37 |
|  design_1_i/processing_system7_0/inst/FCLK_CLK0 | design_1_i/axi_smc/inst/s00_entry_pipeline/s00_mmu/inst/ar_reg_stall/m_vector_i                                                                                                      |                                                                                                                                                       |                9 |             37 |
|  design_1_i/processing_system7_0/inst/FCLK_CLK0 | design_1_i/axi_smc/inst/s00_entry_pipeline/s00_mmu/inst/ar_sreg/skid_buffer[1144]_i_1__1_n_0                                                                                         |                                                                                                                                                       |               12 |             38 |
|  design_1_i/processing_system7_0/inst/FCLK_CLK0 | design_1_i/axi_smc/inst/s00_entry_pipeline/s00_mmu/inst/ar_sreg/m_vector_i                                                                                                           |                                                                                                                                                       |               11 |             38 |
|  design_1_i/processing_system7_0/inst/FCLK_CLK0 |                                                                                                                                                                                      | design_1_i/axi_smc/inst/s00_entry_pipeline/s00_mmu/inst/areset                                                                                        |               15 |             40 |
|  design_1_i/processing_system7_0/inst/FCLK_CLK0 | design_1_i/HMM_Scoring_0/inst/HMM_Scoring_gmem_m_axi_U/bus_read/buff_rdata/push                                                                                                      | design_1_i/HMM_Scoring_0/inst/HMM_Scoring_AXILiteS_s_axi_U/ap_rst_n_inv                                                                               |                9 |             41 |
|  design_1_i/processing_system7_0/inst/FCLK_CLK0 | design_1_i/ps7_0_axi_periph/s00_couplers/auto_pc/inst/gen_axilite.gen_b2s_conv.axilite_b2s/SI_REG/r.r_pipe/s_ready_i_reg_0                                                           |                                                                                                                                                       |               10 |             45 |
|  design_1_i/processing_system7_0/inst/FCLK_CLK0 | design_1_i/ps7_0_axi_periph/s00_couplers/auto_pc/inst/gen_axilite.gen_b2s_conv.axilite_b2s/SI_REG/r.r_pipe/p_1_in                                                                    |                                                                                                                                                       |                8 |             45 |
|  design_1_i/processing_system7_0/inst/FCLK_CLK0 | design_1_i/HMM_Scoring_0/inst/ap_NS_fsm121_out                                                                                                                                       |                                                                                                                                                       |               19 |             46 |
|  design_1_i/processing_system7_0/inst/FCLK_CLK0 | design_1_i/axi_smc/inst/m00_exit_pipeline/m00_exit/inst/aw_reg/skid_buffer[1144]_i_1__2_n_0                                                                                          |                                                                                                                                                       |               10 |             49 |
|  design_1_i/processing_system7_0/inst/FCLK_CLK0 | design_1_i/axi_smc/inst/m00_exit_pipeline/m00_exit/inst/aw_reg/m_vector_i                                                                                                            |                                                                                                                                                       |               10 |             49 |
|  design_1_i/processing_system7_0/inst/FCLK_CLK0 | design_1_i/axi_smc/inst/m00_exit_pipeline/m00_exit/inst/ar_reg/skid_buffer[1144]_i_1__1_n_0                                                                                          |                                                                                                                                                       |               11 |             49 |
|  design_1_i/processing_system7_0/inst/FCLK_CLK0 | design_1_i/axi_smc/inst/m00_exit_pipeline/m00_exit/inst/ar_reg/m_vector_i                                                                                                            |                                                                                                                                                       |                9 |             49 |
|  design_1_i/processing_system7_0/inst/FCLK_CLK0 | design_1_i/axi_smc/inst/m00_exit_pipeline/m00_exit/inst/splitter_inst/gen_axi3.splitter_inst/aw_cmd_reg/skid_buffer[1144]_i_1_n_0                                                    |                                                                                                                                                       |               11 |             53 |
|  design_1_i/processing_system7_0/inst/FCLK_CLK0 | design_1_i/axi_smc/inst/m00_exit_pipeline/m00_exit/inst/splitter_inst/gen_axi3.splitter_inst/ar_cmd_reg/skid_buffer[1144]_i_1__0_n_0                                                 |                                                                                                                                                       |               12 |             54 |
|  design_1_i/processing_system7_0/inst/FCLK_CLK0 |                                                                                                                                                                                      | design_1_i/axi_smc/inst/m00_exit_pipeline/m00_exit/inst/areset                                                                                        |               25 |             54 |
|  design_1_i/processing_system7_0/inst/FCLK_CLK0 | design_1_i/axi_smc/inst/m00_exit_pipeline/m00_exit/inst/splitter_inst/gen_axi3.splitter_inst/aw_cmd_reg/m_vector_i                                                                   |                                                                                                                                                       |               21 |             58 |
|  design_1_i/processing_system7_0/inst/FCLK_CLK0 | design_1_i/axi_smc/inst/m00_exit_pipeline/m00_exit/inst/splitter_inst/gen_axi3.splitter_inst/ar_cmd_reg/m_vector_i                                                                   |                                                                                                                                                       |               22 |             63 |
|  design_1_i/processing_system7_0/inst/FCLK_CLK0 | design_1_i/HMM_Scoring_0/inst/HMM_Scoring_gmem_m_axi_U/bus_read/fifo_rctl/fifo_rreq_valid_buf_reg[0]                                                                                 | design_1_i/HMM_Scoring_0/inst/HMM_Scoring_AXILiteS_s_axi_U/ap_rst_n_inv                                                                               |               15 |             65 |
|  design_1_i/processing_system7_0/inst/FCLK_CLK0 | design_1_i/axi_smc/inst/m00_exit_pipeline/m00_exit/inst/r_reg/m_vector_i                                                                                                             |                                                                                                                                                       |               13 |             67 |
|  design_1_i/processing_system7_0/inst/FCLK_CLK0 | design_1_i/axi_smc/inst/m00_exit_pipeline/m00_exit/inst/r_reg/skid_buffer[1122]_i_1_n_0                                                                                              |                                                                                                                                                       |               17 |             67 |
|  design_1_i/processing_system7_0/inst/FCLK_CLK0 | design_1_i/axi_smc/inst/s00_nodes/s00_aw_node/inst/inst_mi_handler/gen_normal_area.inst_fifo_node_payld/gen_xpm_memory_fifo.inst_fifo/gen_mem_rep[0].inst_rd_addrb/rd_addrb_incr     | design_1_i/axi_smc/inst/s00_nodes/s00_aw_node/inst/inst_mi_handler/m_sc_areset_r                                                                      |               14 |             68 |
|  design_1_i/processing_system7_0/inst/FCLK_CLK0 | design_1_i/axi_smc/inst/s00_nodes/s00_ar_node/inst/inst_mi_handler/gen_normal_area.inst_fifo_node_payld/gen_xpm_memory_fifo.inst_fifo/gen_mem_rep[0].inst_rd_addrb/rd_addrb_incr     | design_1_i/axi_smc/inst/s00_nodes/s00_ar_node/inst/inst_mi_handler/m_sc_areset_r                                                                      |               16 |             73 |
|  design_1_i/processing_system7_0/inst/FCLK_CLK0 | design_1_i/axi_smc/inst/m00_exit_pipeline/m00_exit/inst/w_reg/skid_buffer[2056]_i_1_n_0                                                                                              |                                                                                                                                                       |               18 |             73 |
|  design_1_i/processing_system7_0/inst/FCLK_CLK0 | design_1_i/axi_smc/inst/m00_exit_pipeline/m00_exit/inst/w_reg/m_vector_i                                                                                                             |                                                                                                                                                       |               13 |             73 |
|  design_1_i/processing_system7_0/inst/FCLK_CLK0 | design_1_i/axi_smc/inst/s00_nodes/s00_r_node/inst/inst_mi_handler/gen_normal_area.inst_fifo_node_payld/gen_xpm_memory_fifo.inst_fifo/gen_mem_rep[0].inst_rd_addrb/rd_addrb_incr      | design_1_i/axi_smc/inst/s00_nodes/s00_r_node/inst/inst_mi_handler/m_sc_areset_r                                                                       |               16 |             75 |
|  design_1_i/processing_system7_0/inst/FCLK_CLK0 | design_1_i/axi_smc/inst/s00_nodes/s00_w_node/inst/inst_mi_handler/gen_normal_area.inst_fifo_node_payld/gen_xpm_memory_fifo.inst_fifo/gen_mem_rep[0].inst_rd_addrb/rd_addrb_incr      | design_1_i/axi_smc/inst/s00_nodes/s00_w_node/inst/inst_mi_handler/m_sc_areset_r                                                                       |               16 |             78 |
|  design_1_i/processing_system7_0/inst/FCLK_CLK0 |                                                                                                                                                                                      | design_1_i/HMM_Scoring_0/inst/HMM_Scoring_AXILiteS_s_axi_U/ap_rst_n_inv                                                                               |               42 |             80 |
|  design_1_i/processing_system7_0/inst/FCLK_CLK0 | design_1_i/axi_smc/inst/s00_nodes/s00_aw_node/inst/inst_mi_handler/gen_normal_area.inst_fifo_node_payld/gen_xpm_memory_fifo.inst_fifo/wr_wea                                         |                                                                                                                                                       |               12 |             96 |
|  design_1_i/processing_system7_0/inst/FCLK_CLK0 | design_1_i/axi_smc/inst/s00_nodes/s00_r_node/inst/inst_mi_handler/gen_normal_area.inst_fifo_node_payld/gen_xpm_memory_fifo.inst_fifo/wr_wea                                          |                                                                                                                                                       |               13 |            104 |
|  design_1_i/processing_system7_0/inst/FCLK_CLK0 | design_1_i/axi_smc/inst/s00_nodes/s00_ar_node/inst/inst_mi_handler/gen_normal_area.inst_fifo_node_payld/gen_xpm_memory_fifo.inst_fifo/wr_wea                                         |                                                                                                                                                       |               13 |            104 |
|  design_1_i/processing_system7_0/inst/FCLK_CLK0 | design_1_i/axi_smc/inst/s00_nodes/s00_w_node/inst/inst_mi_handler/gen_normal_area.inst_fifo_node_payld/gen_xpm_memory_fifo.inst_fifo/wr_wea                                          |                                                                                                                                                       |               13 |            104 |
|  design_1_i/processing_system7_0/inst/FCLK_CLK0 |                                                                                                                                                                                      |                                                                                                                                                       |               81 |            197 |
|  design_1_i/processing_system7_0/inst/FCLK_CLK0 | design_1_i/HMM_Scoring_0/inst/HMM_Scoring_AXILiteS_s_axi_U/E[0]                                                                                                                      |                                                                                                                                                       |               72 |            252 |
+-------------------------------------------------+--------------------------------------------------------------------------------------------------------------------------------------------------------------------------------------+-------------------------------------------------------------------------------------------------------------------------------------------------------+------------------+----------------+


